<?xml version="1.0" encoding="UTF-8"?>
<!-- Generated by org.testng.reporters.JUnitXMLReporter -->
<testsuite ignored="2" hostname="LAPTOP-NEL8K7ML" failures="0" tests="3" name="Test" time="40.449" errors="0" timestamp="2026-07-07T02:11:19 IST">
  <testcase classname="com.demoproject.tests.LoginPageTest" name="verfiyInVaildLoginPage" time="7.138"/>
  <testcase classname="com.demoproject.tests.HomePageTest" name="verifyOrangeHRMLogo" time="11.381"/>
  <testcase classname="com.demoproject.tests.LoginPageTest" name="verfiyVaildLoginPage" time="16.706"/>
  <testcase classname="com.orangehrm.base.BaseClass" name="@BeforeSuite loadConfig" time="0.0">
    <ignored/>
  </testcase> <!-- @BeforeSuite loadConfig -->
  <testcase classname="com.orangehrm.base.BaseClass" name="@AfterSuite tearDownSuite" time="0.0">
    <ignored/>
  </testcase> <!-- @AfterSuite tearDownSuite -->
</testsuite> <!-- Test -->
