<?xml version="1.0" encoding="UTF-8"?>
<testng-results ignored="0" total="3" passed="3" failed="0" skipped="0">
  <reporter-output>
  </reporter-output>
  <suite started-at="2026-07-07T02:10:38 IST" name="MySuite" finished-at="2026-07-07T02:11:19 IST" duration-ms="40449">
    <groups>
    </groups>
    <test started-at="2026-07-07T02:10:38 IST" name="Test" finished-at="2026-07-07T02:11:19 IST" duration-ms="40449">
      <class name="com.demoproject.tests.HomePageTest">
        <test-method is-config="true" signature="loadConfig()[pri:0, instance:com.demoproject.tests.HomePageTest@673be18f]" started-at="2026-07-07T02:10:38 IST" name="loadConfig" finished-at="2026-07-07T02:10:38 IST" duration-ms="33" status="PASS">
          <reporter-output>
          </reporter-output>
        </test-method> <!-- loadConfig -->
        <test-method is-config="true" signature="setup()[pri:0, instance:com.demoproject.tests.HomePageTest@673be18f]" started-at="2026-07-07T02:10:40 IST" name="setup" finished-at="2026-07-07T02:10:53 IST" duration-ms="12215" status="PASS">
          <reporter-output>
          </reporter-output>
        </test-method> <!-- setup -->
        <test-method is-config="true" signature="setupPage()[pri:0, instance:com.demoproject.tests.HomePageTest@673be18f]" started-at="2026-07-07T02:10:53 IST" name="setupPage" finished-at="2026-07-07T02:10:53 IST" duration-ms="6" status="PASS">
          <reporter-output>
          </reporter-output>
        </test-method> <!-- setupPage -->
        <test-method signature="verifyOrangeHRMLogo(java.lang.String,java.lang.String)[pri:0, instance:com.demoproject.tests.HomePageTest@673be18f]" started-at="2026-07-07T02:10:53 IST" name="verifyOrangeHRMLogo" data-provider="validLoginData" finished-at="2026-07-07T02:11:04 IST" duration-ms="11381" status="PASS">
          <params>
            <param index="0">
              <value>
                <![CDATA[Admin]]>
              </value>
            </param>
            <param index="1">
              <value>
                <![CDATA[admin123]]>
              </value>
            </param>
          </params>
          <reporter-output>
          </reporter-output>
        </test-method> <!-- verifyOrangeHRMLogo -->
        <test-method is-config="true" signature="tearDown()[pri:0, instance:com.demoproject.tests.HomePageTest@673be18f]" started-at="2026-07-07T02:11:04 IST" name="tearDown" finished-at="2026-07-07T02:11:16 IST" duration-ms="12109" status="PASS">
          <reporter-output>
          </reporter-output>
        </test-method> <!-- tearDown -->
        <test-method is-config="true" signature="tearDownSuite()[pri:0, instance:com.demoproject.tests.HomePageTest@673be18f]" started-at="2026-07-07T02:11:19 IST" name="tearDownSuite" finished-at="2026-07-07T02:11:19 IST" duration-ms="416" status="PASS">
          <reporter-output>
          </reporter-output>
        </test-method> <!-- tearDownSuite -->
      </class> <!-- com.demoproject.tests.HomePageTest -->
      <class name="com.demoproject.tests.LoginPageTest">
        <test-method is-config="true" signature="setup()[pri:0, instance:com.demoproject.tests.LoginPageTest@29526c05]" started-at="2026-07-07T02:10:40 IST" name="setup" finished-at="2026-07-07T02:11:02 IST" duration-ms="21238" status="PASS">
          <reporter-output>
          </reporter-output>
        </test-method> <!-- setup -->
        <test-method is-config="true" signature="setup()[pri:0, instance:com.demoproject.tests.LoginPageTest@29526c05]" started-at="2026-07-07T02:10:40 IST" name="setup" finished-at="2026-07-07T02:10:55 IST" duration-ms="14802" status="PASS">
          <reporter-output>
          </reporter-output>
        </test-method> <!-- setup -->
        <test-method is-config="true" signature="setupPage()[pri:0, instance:com.demoproject.tests.LoginPageTest@29526c05]" started-at="2026-07-07T02:10:55 IST" name="setupPage" finished-at="2026-07-07T02:10:55 IST" duration-ms="3" status="PASS">
          <reporter-output>
          </reporter-output>
        </test-method> <!-- setupPage -->
        <test-method signature="verfiyInVaildLoginPage(java.lang.String,java.lang.String)[pri:0, instance:com.demoproject.tests.LoginPageTest@29526c05]" started-at="2026-07-07T02:10:55 IST" name="verfiyInVaildLoginPage" data-provider="inValidLoginData" finished-at="2026-07-07T02:11:02 IST" duration-ms="7138" status="PASS">
          <params>
            <param index="0">
              <value>
                <![CDATA[admin1]]>
              </value>
            </param>
            <param index="1">
              <value>
                <![CDATA[admin123]]>
              </value>
            </param>
          </params>
          <reporter-output>
          </reporter-output>
        </test-method> <!-- verfiyInVaildLoginPage -->
        <test-method is-config="true" signature="setupPage()[pri:0, instance:com.demoproject.tests.LoginPageTest@29526c05]" started-at="2026-07-07T02:11:02 IST" name="setupPage" finished-at="2026-07-07T02:11:02 IST" duration-ms="4" status="PASS">
          <reporter-output>
          </reporter-output>
        </test-method> <!-- setupPage -->
        <test-method signature="verfiyVaildLoginPage(java.lang.String,java.lang.String)[pri:0, instance:com.demoproject.tests.LoginPageTest@29526c05]" started-at="2026-07-07T02:11:02 IST" name="verfiyVaildLoginPage" data-provider="validLoginData" finished-at="2026-07-07T02:11:18 IST" duration-ms="16706" status="PASS">
          <params>
            <param index="0">
              <value>
                <![CDATA[Admin]]>
              </value>
            </param>
            <param index="1">
              <value>
                <![CDATA[admin123]]>
              </value>
            </param>
          </params>
          <reporter-output>
          </reporter-output>
        </test-method> <!-- verfiyVaildLoginPage -->
        <test-method is-config="true" signature="tearDown()[pri:0, instance:com.demoproject.tests.LoginPageTest@29526c05]" started-at="2026-07-07T02:11:02 IST" name="tearDown" finished-at="2026-07-07T02:11:16 IST" duration-ms="13814" status="PASS">
          <reporter-output>
          </reporter-output>
        </test-method> <!-- tearDown -->
        <test-method is-config="true" signature="tearDown()[pri:0, instance:com.demoproject.tests.LoginPageTest@29526c05]" started-at="2026-07-07T02:11:18 IST" name="tearDown" finished-at="2026-07-07T02:11:19 IST" duration-ms="517" status="PASS">
          <reporter-output>
          </reporter-output>
        </test-method> <!-- tearDown -->
      </class> <!-- com.demoproject.tests.LoginPageTest -->
    </test> <!-- Test -->
  </suite> <!-- MySuite -->
</testng-results>
