<?xml version="1.0" encoding="UTF-8"?>
<!-- Generated by org.testng.reporters.JUnitReportReporter -->
<testsuite hostname="LAPTOP-NEL8K7ML" failures="0" tests="2" name="com.demoproject.tests.LoginPageTest" time="74.222" errors="0" timestamp="2026-07-07T02:11:19 IST" skipped="0">
  <testcase classname="com.demoproject.tests.LoginPageTest" name="verfiyVaildLoginPage" time="32.029"/>
  <testcase classname="com.demoproject.tests.LoginPageTest" name="verfiyInVaildLoginPage" time="42.193"/>
</testsuite> <!-- com.demoproject.tests.LoginPageTest -->
